pi@raspberrypi:~ $ ssh-keygen -t rsa -b 4096 -C "iwabuchi.k.2010@gmail.com"
Generating public/private rsa key pair.
Enter file in which to save the key (/home/pi/.ssh/id_rsa): 
Created directory '/home/pi/.ssh'.
Enter passphrase (empty for no passphrase): 
Enter same passphrase again: 
Your identification has been saved in /home/pi/.ssh/id_rsa.
Your public key has been saved in /home/pi/.ssh/id_rsa.pub.
The key fingerprint is:
SHA256:dNOdrnoasAZv/OpmvSojWAVHcXm1C3DDygRLV8PQyjI iwabuchi.k.2010@gmail.com
The key's randomart image is:
+---[RSA 4096]----+
|     .=o=B=..    |
|    ...+oo=+ o . |
|     o.+.++ o o  |
|      E.=. o o   |
|     ..oS   . .  |
|    .  + o   .   |
|   o    *.. .    |
|  . . ooo..o.    |
|     . *+o=+     |
+----[SHA256]-----+


pi@raspberrypi:~ $ eval "$(ssh-agent -s)"
Agent pid 3863


pi@raspberrypi:~ $ ssh-add ~/.ssh/id_rsa
Identity added: /home/pi/.ssh/id_rsa (/home/pi/.ssh/id_rsa)


