pi@raspberrypi:/var/www/html $ sudo apt-get install ibus-anthy
パッケージリストを読み込んでいます... 完了
依存関係ツリーを作成しています                
状態情報を読み取っています... 完了
以下のパッケージが自動でインストールされましたが、もう必要とされていません:
  lxkeymap python-cairo python-gobject python-gobject-2 python-gtk2 python-xklavier
これを削除するには 'sudo apt autoremove' を利用してください。
以下の追加パッケージがインストールされます:
  anthy anthy-common dconf-cli gir1.2-ibus-1.0 ibus im-config kasumi libanthy0 libibus-1.0-5
提案パッケージ:
  ibus-clutter ibus-doc ibus-qt4
以下のパッケージが新たにインストールされます:
  anthy anthy-common dconf-cli gir1.2-ibus-1.0 ibus ibus-anthy im-config kasumi libanthy0 libibus-1.0-5
アップグレード: 0 個、新規インストール: 10 個、削除: 0 個、保留: 4 個。
4,086 kB のアーカイブを取得する必要があります。
この操作後に追加で 18.6 MB のディスク容量が消費されます。
続行しますか? [Y/n] y
取得:1 http://ftp.tsukuba.wide.ad.jp/Linux/raspbian/raspbian stretch/main armhf anthy-common all 9100h-25 [2,523 kB]
取得:2 http://ftp.tsukuba.wide.ad.jp/Linux/raspbian/raspbian stretch/main armhf libanthy0 armhf 9100h-25 [129 kB]
取得:3 http://ftp.tsukuba.wide.ad.jp/Linux/raspbian/raspbian stretch/main armhf anthy armhf 9100h-25 [136 kB]
取得:4 http://ftp.tsukuba.wide.ad.jp/Linux/raspbian/raspbian stretch/main armhf dconf-cli armhf 0.26.0-2 [27.0 kB]
取得:5 http://ftp.tsukuba.wide.ad.jp/Linux/raspbian/raspbian stretch/main armhf libibus-1.0-5 armhf 1.5.14-3 [317 kB]
取得:6 http://ftp.tsukuba.wide.ad.jp/Linux/raspbian/raspbian stretch/main armhf gir1.2-ibus-1.0 armhf 1.5.14-3 [272 kB]
取得:7 http://ftp.tsukuba.wide.ad.jp/Linux/raspbian/raspbian stretch/main armhf ibus armhf 1.5.14-3 [481 kB]
取得:8 http://ftp.tsukuba.wide.ad.jp/Linux/raspbian/raspbian stretch/main armhf ibus-anthy armhf 1.5.9-2 [91.0 kB]
取得:9 http://ftp.tsukuba.wide.ad.jp/Linux/raspbian/raspbian stretch/main armhf im-config all 0.30-1 [52.6 kB]
取得:10 http://ftp.tsukuba.wide.ad.jp/Linux/raspbian/raspbian stretch/main armhf kasumi armhf 2.5-5 [56.6 kB]
4,086 kB を 1分 3秒 で取得しました (64.5 kB/s)                                                              
パッケージを事前設定しています ...
以前に未選択のパッケージ anthy-common を選択しています。
(データベースを読み込んでいます ... 現在 145224 個のファイルとディレクトリがインストールされています。)
.../0-anthy-common_9100h-25_all.deb を展開する準備をしています ...
anthy-common (9100h-25) を展開しています...
以前に未選択のパッケージ libanthy0:armhf を選択しています。
.../1-libanthy0_9100h-25_armhf.deb を展開する準備をしています ...
libanthy0:armhf (9100h-25) を展開しています...
以前に未選択のパッケージ anthy を選択しています。
.../2-anthy_9100h-25_armhf.deb を展開する準備をしています ...
anthy (9100h-25) を展開しています...
以前に未選択のパッケージ dconf-cli を選択しています。
.../3-dconf-cli_0.26.0-2_armhf.deb を展開する準備をしています ...
dconf-cli (0.26.0-2) を展開しています...
以前に未選択のパッケージ libibus-1.0-5:armhf を選択しています。
.../4-libibus-1.0-5_1.5.14-3_armhf.deb を展開する準備をしています ...
libibus-1.0-5:armhf (1.5.14-3) を展開しています...
以前に未選択のパッケージ gir1.2-ibus-1.0:armhf を選択しています。
.../5-gir1.2-ibus-1.0_1.5.14-3_armhf.deb を展開する準備をしています ...
gir1.2-ibus-1.0:armhf (1.5.14-3) を展開しています...
以前に未選択のパッケージ ibus を選択しています。
.../6-ibus_1.5.14-3_armhf.deb を展開する準備をしています ...
ibus (1.5.14-3) を展開しています...
以前に未選択のパッケージ ibus-anthy を選択しています。
.../7-ibus-anthy_1.5.9-2_armhf.deb を展開する準備をしています ...
ibus-anthy (1.5.9-2) を展開しています...
以前に未選択のパッケージ im-config を選択しています。
.../8-im-config_0.30-1_all.deb を展開する準備をしています ...
im-config (0.30-1) を展開しています...
以前に未選択のパッケージ kasumi を選択しています。
.../9-kasumi_2.5-5_armhf.deb を展開する準備をしています ...
kasumi (2.5-5) を展開しています...
im-config (0.30-1) を設定しています ...
mime-support (3.60) のトリガを処理しています ...
desktop-file-utils (0.23-1) のトリガを処理しています ...
libglib2.0-0:armhf (2.50.3-2) のトリガを処理しています ...
anthy-common (9100h-25) を設定しています ...
dconf-cli (0.26.0-2) を設定しています ...
libc-bin (2.24-11+deb9u3) のトリガを処理しています ...
man-db (2.7.6.1-2) のトリガを処理しています ...
libibus-1.0-5:armhf (1.5.14-3) を設定しています ...
gnome-menus (3.13.3-9) のトリガを処理しています ...
hicolor-icon-theme (0.15-1) のトリガを処理しています ...
libanthy0:armhf (9100h-25) を設定しています ...
gir1.2-ibus-1.0:armhf (1.5.14-3) を設定しています ...
ibus (1.5.14-3) を設定しています ...
anthy (9100h-25) を設定しています ...
Updating anthy.dic...file name prefix=[./] you can change this by -p option.
  copying .///mkworddic/anthy.wdic (word_dic)
  copying .///depgraph/anthy.dep (dep_dic)
  copying .///calctrans/anthy.trans_info (trans_info)
  copying .///calctrans/anthy.cand_info (cand_info)
  copying .///calctrans/anthy.weak_words (weak_words)
  copying .///calctrans/anthy.corpus_bucket (corpus_bucket)
  copying .///calctrans/anthy.corpus_array (corpus_array)
/usr/bin/mkfiledic done.
done.
kasumi (2.5-5) を設定しています ...
ibus-anthy (1.5.9-2) を設定しています ...
libc-bin (2.24-11+deb9u3) のトリガを処理しています ...
