pi@raspberrypi:~ $ sudo apt-get install lighttpd
パッケージリストを読み込んでいます... 完了
依存関係ツリーを作成しています                
状態情報を読み取っています... 完了
以下のパッケージが自動でインストールされましたが、もう必要とされていません:
  lxkeymap python-cairo python-gobject python-gobject-2 python-gtk2 python-xklavier
これを削除するには 'sudo apt autoremove' を利用してください。
以下の追加パッケージがインストールされます:
  libfam0 spawn-fcgi
提案パッケージ:
  fam rrdtool php5-cgi apache2-utils lighttpd-doc
以下のパッケージが新たにインストールされます:
  libfam0 lighttpd spawn-fcgi
アップグレード: 0 個、新規インストール: 3 個、削除: 0 個、保留: 4 個。
294 kB のアーカイブを取得する必要があります。
この操作後に追加で 943 kB のディスク容量が消費されます。
続行しますか? [Y/n] y
取得:1 http://ftp.tsukuba.wide.ad.jp/Linux/raspbian/raspbian stretch/main armhf libfam0 armhf 2.7.0-17.2 [24.6 kB]
取得:2 http://ftp.tsukuba.wide.ad.jp/Linux/raspbian/raspbian stretch/main armhf lighttpd armhf 1.4.45-1 [256 kB]
取得:3 http://ftp.tsukuba.wide.ad.jp/Linux/raspbian/raspbian stretch/main armhf spawn-fcgi armhf 1.6.4-1 [13.8 kB]
294 kB を 14秒 で取得しました (20.8 kB/s)                                                                   
以前に未選択のパッケージ libfam0:armhf を選択しています。
(データベースを読み込んでいます ... 現在 145558 個のファイルとディレクトリがインストールされています。)
.../libfam0_2.7.0-17.2_armhf.deb を展開する準備をしています ...
libfam0:armhf (2.7.0-17.2) を展開しています...
以前に未選択のパッケージ lighttpd を選択しています。
.../lighttpd_1.4.45-1_armhf.deb を展開する準備をしています ...
lighttpd (1.4.45-1) を展開しています...
以前に未選択のパッケージ spawn-fcgi を選択しています。
.../spawn-fcgi_1.6.4-1_armhf.deb を展開する準備をしています ...
spawn-fcgi (1.6.4-1) を展開しています...
libfam0:armhf (2.7.0-17.2) を設定しています ...
spawn-fcgi (1.6.4-1) を設定しています ...
libc-bin (2.24-11+deb9u3) のトリガを処理しています ...
lighttpd (1.4.45-1) を設定しています ...
Created symlink /etc/systemd/system/multi-user.target.wants/lighttpd.service → /lib/systemd/system/lighttpd.service.
systemd (232-25+deb9u2) のトリガを処理しています ...
man-db (2.7.6.1-2) のトリガを処理しています ...
