pi@raspberrypi:~ $ sudo apt-get install gitk
パッケージリストを読み込んでいます... 完了
依存関係ツリーを作成しています                
状態情報を読み取っています... 完了
以下のパッケージが自動でインストールされましたが、もう必要とされていません:
  lxkeymap python-cairo python-gobject python-gobject-2 python-gtk2 python-xklavier
これを削除するには 'sudo apt autoremove' を利用してください。
以下の追加パッケージがインストールされます:
  tcl tcl8.6 tk tk8.6
提案パッケージ:
  git-doc tcl-tclreadline
以下のパッケージが新たにインストールされます:
  gitk tcl tcl8.6 tk tk8.6
アップグレード: 0 個、新規インストール: 5 個、削除: 0 個、保留: 4 個。
1,003 kB のアーカイブを取得する必要があります。
この操作後に追加で 1,706 kB のディスク容量が消費されます。
続行しますか? [Y/n] y
取得:1 http://ftp.tsukuba.wide.ad.jp/Linux/raspbian/raspbian stretch/main armhf tk8.6 armhf 8.6.6-1 [71.3 kB]
取得:2 http://ftp.tsukuba.wide.ad.jp/Linux/raspbian/raspbian stretch/main armhf tcl8.6 armhf 8.6.6+dfsg-1 [123 kB]
取得:3 http://ftp.tsukuba.wide.ad.jp/Linux/raspbian/raspbian stretch/main armhf tcl armhf 8.6.0+9 [5,502 B]
取得:4 http://ftp.tsukuba.wide.ad.jp/Linux/raspbian/raspbian stretch/main armhf tk armhf 8.6.0+9 [5,546 B]
取得:5 http://ftp.tsukuba.wide.ad.jp/Linux/raspbian/raspbian stretch/main armhf gitk all 1:2.11.0-3+deb9u3 [798 kB]
1,003 kB を 11秒 で取得しました (85.7 kB/s)
以前に未選択のパッケージ tk8.6 を選択しています。
(データベースを読み込んでいます ... 現在 145704 個のファイルとディレクトリがインストールされています。)
.../tk8.6_8.6.6-1_armhf.deb を展開する準備をしています ...
tk8.6 (8.6.6-1) を展開しています...
以前に未選択のパッケージ tcl8.6 を選択しています。
.../tcl8.6_8.6.6+dfsg-1_armhf.deb を展開する準備をしています ...
tcl8.6 (8.6.6+dfsg-1) を展開しています...
以前に未選択のパッケージ tcl を選択しています。
.../archives/tcl_8.6.0+9_armhf.deb を展開する準備をしています ...
tcl (8.6.0+9) を展開しています...
以前に未選択のパッケージ tk を選択しています。
.../archives/tk_8.6.0+9_armhf.deb を展開する準備をしています ...
tk (8.6.0+9) を展開しています...
以前に未選択のパッケージ gitk を選択しています。
.../gitk_1%3a2.11.0-3+deb9u3_all.deb を展開する準備をしています ...
gitk (1:2.11.0-3+deb9u3) を展開しています...
tk8.6 (8.6.6-1) を設定しています ...
tcl8.6 (8.6.6+dfsg-1) を設定しています ...
man-db (2.7.6.1-2) のトリガを処理しています ...
tcl (8.6.0+9) を設定しています ...
tk (8.6.0+9) を設定しています ...
gitk (1:2.11.0-3+deb9u3) を設定しています ...
