26/06/18 13:48:58 Xvnc version TightVNC-1.3.9
26/06/18 13:48:58 Copyright (C) 2000-2007 TightVNC Group
26/06/18 13:48:58 Copyright (C) 1999 AT&T Laboratories Cambridge
26/06/18 13:48:58 All Rights Reserved.
26/06/18 13:48:58 See http://www.tightvnc.com/ for information on TightVNC
26/06/18 13:48:58 Desktop name 'X' (raspberrypi:1)
26/06/18 13:48:58 Protocol versions supported: 3.3, 3.7, 3.8, 3.7t, 3.8t
26/06/18 13:48:58 Listening for VNC connections on TCP port 5901
Font directory '/usr/share/fonts/X11/75dpi/' not found - ignoring
xrdb: No such file or directory
xrdb: can't open file '/home/pi/.Xresources'

26/06/18 13:49:01 Got connection from client 192.168.0.100
26/06/18 13:49:02 Using protocol version 3.8
26/06/18 13:49:04 Full-control authentication passed by 192.168.0.100
26/06/18 13:49:04 rfbProcessClientNormalMessage: ignoring unknown encoding 16
26/06/18 13:49:04 rfbProcessClientNormalMessage: ignoring unknown encoding 22
26/06/18 13:49:04 rfbProcessClientNormalMessage: ignoring unknown encoding 21
26/06/18 13:49:04 rfbProcessClientNormalMessage: ignoring unknown encoding 15
26/06/18 13:49:04 Using zlib encoding for client 192.168.0.100
26/06/18 13:49:04 rfbProcessClientNormalMessage: ignoring unknown encoding -314
26/06/18 13:49:04 Enabling full-color cursor updates for client 192.168.0.100
26/06/18 13:49:04 rfbProcessClientNormalMessage: ignoring unknown encoding -223
26/06/18 13:49:04 Pixel format for client 192.168.0.100:
26/06/18 13:49:04   8 bpp, depth 6
26/06/18 13:49:04   true colour: max r 3 g 3 b 3, shift r 4 g 2 b 0
